<?xml version="1.0" encoding="UTF-8"?>
<robot generator="Robot 3.1.2 (Python 3.7.6 on win32)" generated="20200502 20:23:23.433" rpa="false">
<suite id="s1" name="Tests" source="D:\Robot Framework\development\robot-WorkSpace\Tests">
<suite id="s1-s1" name="LoginTest" source="D:\Robot Framework\development\robot-WorkSpace\Tests\LoginTest.robot">
<test id="s1-s1-t1" name="Login_Positive">
<kw name="Login_Naukari" library="LoginResources">
<tags>
<tag>smoke</tag>
</tags>
<doc>User must be able to login on naukari portal</doc>
<kw name="Close All Browsers" library="SeleniumLibrary">
<doc>Closes all open browsers and resets the browser cache.</doc>
<status status="PASS" starttime="20200502 20:23:23.618" endtime="20200502 20:23:23.618"></status>
</kw>
<kw name="Open Browser" library="SeleniumLibrary">
<doc>Opens a new browser instance to the optional ``url``.</doc>
<arguments>
<arg>${LOGIN_URL}</arg>
<arg>${BROWSER}</arg>
</arguments>
<msg timestamp="20200502 20:23:23.618" level="INFO">Opening browser 'chrome' to base url 'https://www.naukri.com/nlogin/login'.</msg>
<status status="PASS" starttime="20200502 20:23:23.618" endtime="20200502 20:23:29.906"></status>
</kw>
<kw name="Maximize Browser Window" library="SeleniumLibrary">
<doc>Maximizes current browser window.</doc>
<status status="PASS" starttime="20200502 20:23:29.906" endtime="20200502 20:23:32.060"></status>
</kw>
<kw name="Wait Until Page Contains" library="SeleniumLibrary">
<doc>Waits until ``text`` appears on the current page.</doc>
<arguments>
<arg>All your activity will remain private.</arg>
</arguments>
<status status="PASS" starttime="20200502 20:23:32.060" endtime="20200502 20:23:32.077"></status>
</kw>
<kw name="Input Text" library="SeleniumLibrary">
<doc>Types the given ``text`` into the text field identified by ``locator``.</doc>
<arguments>
<arg>${INPUT_USERNAME}</arg>
<arg>${USERNAME}</arg>
</arguments>
<msg timestamp="20200502 20:23:32.078" level="INFO">Typing text 'mail.pushprajkumar@gmail.com' into text field '//input[@id='usernameField']'.</msg>
<status status="PASS" starttime="20200502 20:23:32.077" endtime="20200502 20:23:32.335"></status>
</kw>
<kw name="Input Text" library="SeleniumLibrary">
<doc>Types the given ``text`` into the text field identified by ``locator``.</doc>
<arguments>
<arg>${INPUT_PASSWORD}</arg>
<arg>${PASSWORD}</arg>
</arguments>
<msg timestamp="20200502 20:23:32.336" level="INFO">Typing text 'Alchemist@2019' into text field '//input[@id='passwordField']'.</msg>
<status status="PASS" starttime="20200502 20:23:32.335" endtime="20200502 20:23:32.503"></status>
</kw>
<kw name="Click Button" library="SeleniumLibrary">
<doc>Clicks the button identified by ``locator``.</doc>
<arguments>
<arg>Login</arg>
</arguments>
<msg timestamp="20200502 20:23:32.504" level="INFO">Clicking button 'Login'.</msg>
<status status="PASS" starttime="20200502 20:23:32.504" endtime="20200502 20:23:32.628"></status>
</kw>
<kw name="Sleep" library="BuiltIn">
<doc>Pauses the test executed for the given time.</doc>
<arguments>
<arg>3s</arg>
</arguments>
<msg timestamp="20200502 20:23:35.628" level="INFO">Slept 3 seconds</msg>
<status status="PASS" starttime="20200502 20:23:32.628" endtime="20200502 20:23:35.628"></status>
</kw>
<status status="PASS" starttime="20200502 20:23:23.618" endtime="20200502 20:23:35.628"></status>
</kw>
<doc>User must be able to login on naukari portal</doc>
<tags>
<tag>smoke</tag>
</tags>
<status status="PASS" starttime="20200502 20:23:23.618" endtime="20200502 20:23:35.628" critical="yes"></status>
</test>
<doc>This is some basic info about the whole suite</doc>
<status status="PASS" starttime="20200502 20:23:23.465" endtime="20200502 20:23:35.630"></status>
</suite>
<suite id="s1-s2" name="UpdateProfileTest" source="D:\Robot Framework\development\robot-WorkSpace\Tests\UpdateProfileTest.robot">
<test id="s1-s2-t1" name="Update Mobile Number">
<kw name="Login_Naukari" library="LoginResources">
<tags>
<tag>smoke</tag>
</tags>
<doc>User must be able to login on naukari portal</doc>
<kw name="Close All Browsers" library="SeleniumLibrary">
<doc>Closes all open browsers and resets the browser cache.</doc>
<status status="PASS" starttime="20200502 20:23:35.645" endtime="20200502 20:23:38.059"></status>
</kw>
<kw name="Open Browser" library="SeleniumLibrary">
<doc>Opens a new browser instance to the optional ``url``.</doc>
<arguments>
<arg>${LOGIN_URL}</arg>
<arg>${BROWSER}</arg>
</arguments>
<msg timestamp="20200502 20:23:38.059" level="INFO">Opening browser 'chrome' to base url 'https://www.naukri.com/nlogin/login'.</msg>
<status status="PASS" starttime="20200502 20:23:38.059" endtime="20200502 20:23:44.608"></status>
</kw>
<kw name="Maximize Browser Window" library="SeleniumLibrary">
<doc>Maximizes current browser window.</doc>
<status status="PASS" starttime="20200502 20:23:44.608" endtime="20200502 20:23:46.755"></status>
</kw>
<kw name="Wait Until Page Contains" library="SeleniumLibrary">
<doc>Waits until ``text`` appears on the current page.</doc>
<arguments>
<arg>All your activity will remain private.</arg>
</arguments>
<status status="PASS" starttime="20200502 20:23:46.755" endtime="20200502 20:23:46.771"></status>
</kw>
<kw name="Input Text" library="SeleniumLibrary">
<doc>Types the given ``text`` into the text field identified by ``locator``.</doc>
<arguments>
<arg>${INPUT_USERNAME}</arg>
<arg>${USERNAME}</arg>
</arguments>
<msg timestamp="20200502 20:23:46.772" level="INFO">Typing text 'mail.pushprajkumar@gmail.com' into text field '//input[@id='usernameField']'.</msg>
<status status="PASS" starttime="20200502 20:23:46.771" endtime="20200502 20:23:47.038"></status>
</kw>
<kw name="Input Text" library="SeleniumLibrary">
<doc>Types the given ``text`` into the text field identified by ``locator``.</doc>
<arguments>
<arg>${INPUT_PASSWORD}</arg>
<arg>${PASSWORD}</arg>
</arguments>
<msg timestamp="20200502 20:23:47.038" level="INFO">Typing text 'Alchemist@2019' into text field '//input[@id='passwordField']'.</msg>
<status status="PASS" starttime="20200502 20:23:47.038" endtime="20200502 20:23:47.189"></status>
</kw>
<kw name="Click Button" library="SeleniumLibrary">
<doc>Clicks the button identified by ``locator``.</doc>
<arguments>
<arg>Login</arg>
</arguments>
<msg timestamp="20200502 20:23:47.189" level="INFO">Clicking button 'Login'.</msg>
<status status="PASS" starttime="20200502 20:23:47.189" endtime="20200502 20:23:47.328"></status>
</kw>
<kw name="Sleep" library="BuiltIn">
<doc>Pauses the test executed for the given time.</doc>
<arguments>
<arg>3s</arg>
</arguments>
<msg timestamp="20200502 20:23:50.331" level="INFO">Slept 3 seconds</msg>
<status status="PASS" starttime="20200502 20:23:47.329" endtime="20200502 20:23:50.331"></status>
</kw>
<status status="PASS" starttime="20200502 20:23:35.645" endtime="20200502 20:23:50.331"></status>
</kw>
<kw name="Update_MobileNumber" library="UpdateProfileResources">
<kw name="Click Element" library="SeleniumLibrary">
<doc>Click the element identified by ``locator``.</doc>
<arguments>
<arg>${ELMNT_UPDATE_PROFILE}</arg>
</arguments>
<msg timestamp="20200502 20:23:50.333" level="INFO">Clicking element '//div[text()='UPDATE PROFILE']'.</msg>
<status status="PASS" starttime="20200502 20:23:50.332" endtime="20200502 20:23:50.990"></status>
</kw>
<kw name="Wait Until Page Contains" library="SeleniumLibrary">
<doc>Waits until ``text`` appears on the current page.</doc>
<arguments>
<arg>Profile Last updated</arg>
</arguments>
<status status="PASS" starttime="20200502 20:23:50.991" endtime="20200502 20:23:51.264"></status>
</kw>
<kw name="Click Element" library="SeleniumLibrary">
<doc>Click the element identified by ``locator``.</doc>
<arguments>
<arg>${ELMNT_EDIT_ICON}</arg>
</arguments>
<msg timestamp="20200502 20:23:51.265" level="INFO">Clicking element '//em[@class='icon edit']'.</msg>
<status status="PASS" starttime="20200502 20:23:51.265" endtime="20200502 20:23:51.423"></status>
</kw>
<kw name="Sleep" library="BuiltIn">
<doc>Pauses the test executed for the given time.</doc>
<arguments>
<arg>3s</arg>
</arguments>
<msg timestamp="20200502 20:23:54.424" level="INFO">Slept 3 seconds</msg>
<status status="PASS" starttime="20200502 20:23:51.424" endtime="20200502 20:23:54.424"></status>
</kw>
<kw name="Input Text" library="SeleniumLibrary">
<doc>Types the given ``text`` into the text field identified by ``locator``.</doc>
<arguments>
<arg>${EDIT_MOBILE_NUMBER}</arg>
<arg>${MobileNumber}</arg>
</arguments>
<msg timestamp="20200502 20:23:54.425" level="INFO">Typing text '8409959851' into text field '//input[@id='mob_number']'.</msg>
<status status="PASS" starttime="20200502 20:23:54.424" endtime="20200502 20:23:54.620"></status>
</kw>
<kw name="Sleep" library="BuiltIn">
<doc>Pauses the test executed for the given time.</doc>
<arguments>
<arg>1s</arg>
</arguments>
<msg timestamp="20200502 20:23:55.622" level="INFO">Slept 1 second</msg>
<status status="PASS" starttime="20200502 20:23:54.621" endtime="20200502 20:23:55.622"></status>
</kw>
<kw name="Click Button" library="SeleniumLibrary">
<doc>Clicks the button identified by ``locator``.</doc>
<arguments>
<arg>${BTN_SAVE}</arg>
</arguments>
<msg timestamp="20200502 20:23:55.623" level="INFO">Clicking button '//button[@id='saveBasicDetailsBtn']'.</msg>
<status status="PASS" starttime="20200502 20:23:55.623" endtime="20200502 20:23:55.807"></status>
</kw>
<status status="PASS" starttime="20200502 20:23:50.332" endtime="20200502 20:23:55.807"></status>
</kw>
<status status="PASS" starttime="20200502 20:23:35.644" endtime="20200502 20:23:55.808" critical="yes"></status>
</test>
<status status="PASS" starttime="20200502 20:23:35.632" endtime="20200502 20:23:55.809"></status>
</suite>
<status status="PASS" starttime="20200502 20:23:23.433" endtime="20200502 20:23:55.815"></status>
</suite>
<statistics>
<total>
<stat pass="2" fail="0">Critical Tests</stat>
<stat pass="2" fail="0">All Tests</stat>
</total>
<tag>
<stat pass="1" fail="0">smoke</stat>
</tag>
<suite>
<stat pass="2" fail="0" id="s1" name="Tests">Tests</stat>
<stat pass="1" fail="0" id="s1-s1" name="LoginTest">Tests.LoginTest</stat>
<stat pass="1" fail="0" id="s1-s2" name="UpdateProfileTest">Tests.UpdateProfileTest</stat>
</suite>
</statistics>
<errors>
</errors>
</robot>
